[2022-03-04 21:39:03] [INFO] [app.py]/[line: 11]/[hello_falsk] {'this name is ': 'shirley'} 
[2022-03-06 11:11:55] [INFO] [app.py]/[line: 11]/[hello_falsk] this name is:{username} 
[2022-03-06 11:13:08] [INFO] [app.py]/[line: 11]/[hello_falsk] this name is:shirley 
[2022-03-06 11:19:06] [INFO] [app.py]/[line: 8]/[hello_falsk] this name is:shirley 
[2022-03-06 11:23:28] [INFO] [app.py]/[line: 8]/[hello_falsk] this name is:shirley 
[2022-03-06 11:24:10] [INFO] [app.py]/[line: 8]/[hello_falsk] this name is:shirley 
[2022-03-06 12:04:50] [INFO] [app.py]/[line: 8]/[hello_falsk] this name is:shirley 
[2022-03-06 12:04:59] [INFO] [app.py]/[line: 8]/[hello_falsk] this name is:shirley 
[2022-03-06 12:11:37] [INFO] [app.py]/[line: 8]/[hello_falsk] this name is:shirley 
[2022-03-13 16:15:14] [INFO] [app.py]/[line: 25]/[login_post] post请求接受到的数据None 
[2022-03-13 16:16:14] [INFO] [app.py]/[line: 25]/[login_post] post请求接受到的数据None 
[2022-03-13 16:16:40] [INFO] [app.py]/[line: 25]/[login_post] post请求接受到的数据None 
[2022-03-13 16:17:57] [INFO] [app.py]/[line: 25]/[login_post] None 
[2022-03-13 16:18:53] [INFO] [app.py]/[line: 25]/[login_post] {'username': 'shirley', 'pwd': 123} 
[2022-03-14 08:19:35] [INFO] [app.py]/[line: 49]/[put_method] None 
[2022-03-14 08:19:53] [INFO] [app.py]/[line: 49]/[put_method] None 
[2022-03-14 08:20:34] [INFO] [app.py]/[line: 49]/[put_method] ImmutableMultiDict([('name', 'shirley'), ('pwd', '123456')]) 
[2022-03-14 08:37:30] [INFO] [app.py]/[line: 57]/[upload_file] 文件地址为None 
[2022-03-14 21:24:07] [INFO] [app.py]/[line: 58]/[upload_file] <FileStorage: '24MB左右.jpg' (None)> 
[2022-03-14 21:24:28] [INFO] [app.py]/[line: 58]/[upload_file] <FileStorage: '24MB左右.jpg' (None)> 
[2022-03-14 21:40:41] [INFO] [app.py]/[line: 57]/[upload_file] <FileStorage: '24MB左右.jpg' (None)> 
[2022-03-14 21:40:41] [INFO] [app.py]/[line: 59]/[upload_file] 24MB左右.jpg 
[2022-03-14 21:42:16] [INFO] [app.py]/[line: 57]/[upload_file] <FileStorage: '24MB左右.jpg' (None)> 
[2022-03-14 21:42:16] [INFO] [app.py]/[line: 59]/[upload_file] 文件名为24MB左右.jpg 
[2022-03-14 21:43:07] [INFO] [app.py]/[line: 57]/[upload_file] <FileStorage: '24MB左右.jpg' (None)> 
[2022-03-14 21:43:07] [INFO] [app.py]/[line: 59]/[upload_file] 文件名为24MB左右.jpg 
